<?xml version="1.0" encoding="UTF-8"?>
<!-- Generated by org.testng.reporters.JUnitXMLReporter -->
<testsuite ignored="1" hostname="DESKTOP-JCJ8HOK" failures="0" tests="6" name="Create Booking Test - with No Discount" time="0.056" errors="0" timestamp="2021-10-19T09:58:30 IST">
  <testcase classname="testcases.BookingSearch" name="searchHotel" time="0.005"/>
  <testcase classname="testcases.BookingSearch" name="selectHotel" time="0.003"/>
  <testcase classname="testcases.BookingSearch" name="enterGuestInformation" time="0.002"/>
  <testcase classname="testcases.PaymentManager" name="makePayment" time="0.004"/>
  <testcase classname="testcases.CustomerCommunications" name="checkEmailVerification" time="0.004"/>
  <testcase classname="testcases.CustomerCommunications" name="checkMobileVerification" time="0.004"/>
  <testcase classname="testcases.PaymentManager" name="applyDiscount" time="0.0">
    <ignored/>
  </testcase> <!-- applyDiscount -->
</testsuite> <!-- Create Booking Test - with No Discount -->
