<?xml version="1.0" encoding="UTF-8"?>
<!-- Generated by org.testng.reporters.JUnitXMLReporter -->
<testsuite ignored="0" hostname="DESKTOP-JCJ8HOK" failures="0" tests="7" name="Create Booking Test" time="0.173" errors="0" timestamp="2021-10-19T09:51:23 IST">
  <testcase classname="testcases.BookingSearch" name="searchHotel" time="0.026"/>
  <testcase classname="testcases.BookingSearch" name="selectHotel" time="0.002"/>
  <testcase classname="testcases.BookingSearch" name="enterGuestInformation" time="0.003"/>
  <testcase classname="testcases.PaymentManager" name="applyDiscount" time="0.006"/>
  <testcase classname="testcases.PaymentManager" name="makePayment" time="0.001"/>
  <testcase classname="testcases.CustomerCommunications" name="checkEmailVerification" time="0.003"/>
  <testcase classname="testcases.CustomerCommunications" name="checkMobileVerification" time="0.006"/>
</testsuite> <!-- Create Booking Test -->
