<?xml version="1.0" encoding="UTF-8"?>
<!-- Generated by org.testng.reporters.JUnitXMLReporter -->
<testsuite ignored="4" hostname="DESKTOP-JCJ8HOK" failures="1" tests="2" name="Create Portfolio Test" time="12.889" errors="0" timestamp="01 Dec 2021 04:38:57 GMT">
  <testcase classname="suites.Sessions" name="login" time="10.547">
    <failure type="java.lang.AssertionError" message="The following asserts failed:
	title not mached">
      <![CDATA[java.lang.AssertionError: The following asserts failed:
title not mached
at keywords.GenericKeywords.assertAll(GenericKeywords.java:175)
at suites.Sessions.login(Sessions.java:21)
... Removed 26 stack frames]]>
    </failure>
  </testcase> <!-- login -->
  <testcase classname="suites.PortfolioManagement" name="createPortfolio" time="0.005"/>
  <testcase classname="suites.BaseTest" name="@AfterTest quit" time="0.0">
    <ignored/>
  </testcase> <!-- @AfterTest quit -->
  <testcase classname="suites.BaseTest" name="@BeforeTest startTest" time="0.0">
    <ignored/>
  </testcase> <!-- @BeforeTest startTest -->
  <testcase classname="suites.Sessions" name="logout" time="0.0">
    <ignored/>
  </testcase> <!-- logout -->
  <testcase classname="suites.PortfolioManagement" name="deletePortfolio" time="0.0">
    <ignored/>
  </testcase> <!-- deletePortfolio -->
</testsuite> <!-- Create Portfolio Test -->
