<?xml version="1.0" encoding="UTF-8"?>
<!-- Generated by org.testng.reporters.JUnitXMLReporter -->
<testsuite ignored="4" hostname="DESKTOP-JCJ8HOK" failures="0" tests="2" name="Delete Portfolio Test" time="7.441" errors="0" timestamp="24 Nov 2021 04:35:14 GMT">
  <testcase classname="suites.Sessions" name="login" time="7.039"/>
  <testcase classname="suites.PortfolioManagement" name="deletePortfolio" time="0.006"/>
  <testcase classname="suites.BaseTest" name="@AfterTest quit" time="0.0">
    <ignored/>
  </testcase> <!-- @AfterTest quit -->
  <testcase classname="suites.PortfolioManagement" name="createPortfolio" time="0.0">
    <ignored/>
  </testcase> <!-- createPortfolio -->
  <testcase classname="suites.BaseTest" name="@BeforeTest startTest" time="0.0">
    <ignored/>
  </testcase> <!-- @BeforeTest startTest -->
  <testcase classname="suites.Sessions" name="logout" time="0.0">
    <ignored/>
  </testcase> <!-- logout -->
</testsuite> <!-- Delete Portfolio Test -->
