<?xml version="1.0" encoding="UTF-8"?>
<!-- Generated by org.testng.reporters.JUnitXMLReporter -->
<testsuite ignored="2" hostname="DESKTOP-JCJ8HOK" failures="0" tests="2" name="Delete Portfolio Test" time="0.031" errors="0" timestamp="10 Nov 2021 04:39:10 GMT">
  <testcase classname="suites.Sessions" name="login" time="0.008"/>
  <testcase classname="suites.PortfolioManagement" name="deletePortfolio" time="0.004"/>
  <testcase classname="suites.PortfolioManagement" name="createPortfolio" time="0.0">
    <ignored/>
  </testcase> <!-- createPortfolio -->
  <testcase classname="suites.Sessions" name="logout" time="0.0">
    <ignored/>
  </testcase> <!-- logout -->
</testsuite> <!-- Delete Portfolio Test -->
