<?xml version="1.0" encoding="UTF-8"?>
<!-- Generated by org.testng.reporters.JUnitXMLReporter -->
<testsuite ignored="0" hostname="DESKTOP-JCJ8HOK" failures="0" tests="4" name="FunctionalTest" time="75.072" errors="0" timestamp="2021-10-16T09:54:22 IST">
  <testcase classname="com.project.TNG_003" name="f" time="13.307"/>
  <testcase classname="com.project.LinksTesting1" name="linktesting1" time="2.372"/>
  <testcase classname="com.project.RadioButton1" name="radioButtonTest" time="1.314"/>
  <testcase classname="com.project.CheckBox1" name="checkboxTest" time="3.164"/>
</testsuite> <!-- FunctionalTest -->
