<?xml version="1.0" encoding="UTF-8"?>
<!-- Generated by org.testng.reporters.JUnitXMLReporter -->
<testsuite ignored="0" hostname="DESKTOP-JCJ8HOK" failures="0" tests="3" name="Default test" time="0.148" errors="0" timestamp="2021-10-19T09:41:36 IST">
  <testcase classname="testcases.BookingSearch" name="searchHotel" time="0.018"/>
  <testcase classname="testcases.BookingSearch" name="selectHotel" time="0.005"/>
  <testcase classname="testcases.BookingSearch" name="enterGuestInformation" time="0.007"/>
</testsuite> <!-- Default test -->
