<?xml version="1.0" encoding="UTF-8"?>
<!-- Generated by org.testng.reporters.JUnitXMLReporter -->
<testsuite ignored="0" hostname="DESKTOP-JCJ8HOK" failures="0" tests="6" name="Test" time="96.875" errors="0" timestamp="28 Nov 2021 05:44:46 GMT">
  <testcase classname="gridpack.GridDemo" name="test2" time="45.081"/>
  <testcase classname="gridpack.GridDemo" name="test1" time="49.57"/>
  <testcase classname="gridpack.GridDemo" name="test3" time="49.681"/>
  <testcase classname="gridpack.GridDemo" name="test4" time="48.886"/>
  <testcase classname="gridpack.GridDemo" name="test5" time="46.688"/>
  <testcase classname="gridpack.GridDemo" name="test6" time="47.119"/>
</testsuite> <!-- Test -->
