<?xml version="1.0" encoding="UTF-8"?>
<testng-results ignored="0" total="1" passed="1" failed="0" skipped="0">
  <reporter-output>
  </reporter-output>
  <suite started-at="2021-11-03T04:37:41Z" name="Default suite" finished-at="2021-11-03T04:37:58Z" duration-ms="16689">
    <groups>
    </groups>
    <test started-at="2021-11-03T04:37:41Z" name="Default test" finished-at="2021-11-03T04:37:58Z" duration-ms="16689">
      <class name="switches.FileUpload">
        <test-method is-config="true" signature="beforeMethod()[pri:0, instance:switches.FileUpload@68dc098b]" started-at="2021-11-03T04:37:41Z" name="beforeMethod" finished-at="2021-11-03T04:37:54Z" duration-ms="13235" status="PASS">
          <reporter-output>
          </reporter-output>
        </test-method> <!-- beforeMethod -->
        <test-method signature="fileupload()[pri:0, instance:switches.FileUpload@68dc098b]" started-at="2021-11-03T04:37:54Z" name="fileupload" finished-at="2021-11-03T04:37:58Z" duration-ms="3366" status="PASS">
          <reporter-output>
          </reporter-output>
        </test-method> <!-- fileupload -->
        <test-method is-config="true" signature="afterMethod()[pri:0, instance:switches.FileUpload@68dc098b]" started-at="2021-11-03T04:37:58Z" name="afterMethod" finished-at="2021-11-03T04:37:58Z" duration-ms="3" status="PASS">
          <reporter-output>
          </reporter-output>
        </test-method> <!-- afterMethod -->
      </class> <!-- switches.FileUpload -->
    </test> <!-- Default test -->
  </suite> <!-- Default suite -->
</testng-results>
