<?xml version="1.0" encoding="UTF-8"?>
<testng-results ignored="0" total="2" passed="2" failed="0" skipped="0">
  <reporter-output>
  </reporter-output>
  <suite started-at="2021-10-23T04:32:26Z" name="Default suite" finished-at="2021-10-23T04:32:45Z" duration-ms="18433">
    <groups>
    </groups>
    <test started-at="2021-10-23T04:32:26Z" name="Default test" finished-at="2021-10-23T04:32:45Z" duration-ms="18433">
      <class name="excelDataDrivens.FacebookDemoByUsingDataProvider">
        <test-method is-config="true" signature="startup()[pri:0, instance:excelDataDrivens.FacebookDemoByUsingDataProvider@4f6f416f]" started-at="2021-10-23T04:32:30Z" name="startup" finished-at="2021-10-23T04:32:39Z" duration-ms="8949" status="PASS">
          <reporter-output>
          </reporter-output>
        </test-method> <!-- startup -->
        <test-method signature="fbTest(java.util.Hashtable)[pri:0, instance:excelDataDrivens.FacebookDemoByUsingDataProvider@4f6f416f]" started-at="2021-10-23T04:32:39Z" name="fbTest" data-provider="getData" finished-at="2021-10-23T04:32:39Z" duration-ms="809" status="PASS">
          <params>
            <param index="0">
              <value>
                <![CDATA[{ExpectedResult=LoginSuccuss, RunMode=Y, UserPassword=ravi2021, UserName=ravilella.2015@gmail.com, Browser=chrome}]]>
              </value>
            </param>
          </params>
          <reporter-output>
          </reporter-output>
        </test-method> <!-- fbTest -->
        <test-method is-config="true" signature="startup()[pri:0, instance:excelDataDrivens.FacebookDemoByUsingDataProvider@4f6f416f]" started-at="2021-10-23T04:32:39Z" name="startup" finished-at="2021-10-23T04:32:45Z" duration-ms="5414" status="PASS">
          <reporter-output>
          </reporter-output>
        </test-method> <!-- startup -->
        <test-method signature="fbTest(java.util.Hashtable)[pri:0, instance:excelDataDrivens.FacebookDemoByUsingDataProvider@4f6f416f]" started-at="2021-10-23T04:32:45Z" name="fbTest" data-provider="getData" finished-at="2021-10-23T04:32:45Z" duration-ms="3" status="PASS">
          <params>
            <param index="0">
              <value>
                <![CDATA[{ExpectedResult=LoginSuccuss, RunMode=N, UserPassword=password2, UserName=user2, Browser=firefox}]]>
              </value>
            </param>
          </params>
          <reporter-output>
          </reporter-output>
        </test-method> <!-- fbTest -->
      </class> <!-- excelDataDrivens.FacebookDemoByUsingDataProvider -->
    </test> <!-- Default test -->
  </suite> <!-- Default suite -->
</testng-results>
