<?xml version="1.0" encoding="UTF-8"?>
<!-- Generated by org.testng.reporters.JUnitXMLReporter -->
<testsuite ignored="2" hostname="DESKTOP-JCJ8HOK" failures="0" tests="2" name="Test" time="30.624" errors="0" timestamp="2021-10-17T10:22:02 IST">
  <testcase classname="com.project.RadioButton1" name="radioButtonTest" time="1.194"/>
  <testcase classname="com.project.CheckBox1" name="checkboxTest" time="0.59"/>
  <testcase classname="com.project.TNG_003" name="f" time="0.0">
    <ignored/>
  </testcase> <!-- f -->
  <testcase classname="com.project.LinksTesting1" name="linktesting1" time="0.0">
    <ignored/>
  </testcase> <!-- linktesting1 -->
</testsuite> <!-- Test -->
