<?xml version="1.0" encoding="UTF-8"?>
<testng-results ignored="0" total="6" passed="6" failed="0" skipped="0">
  <reporter-output>
  </reporter-output>
  <suite started-at="2021-11-28T05:43:09Z" name="Suite" finished-at="2021-11-28T05:44:46Z" duration-ms="96875">
    <groups>
    </groups>
    <test started-at="2021-11-28T05:43:09Z" name="Test" finished-at="2021-11-28T05:44:46Z" duration-ms="96875">
      <class name="gridpack.GridDemo">
        <test-method signature="test2()[pri:0, instance:gridpack.GridDemo@31920ade]" started-at="2021-11-28T05:43:09Z" name="test2" finished-at="2021-11-28T05:43:54Z" duration-ms="45081" status="PASS">
          <reporter-output>
          </reporter-output>
        </test-method> <!-- test2 -->
        <test-method signature="test3()[pri:0, instance:gridpack.GridDemo@31920ade]" started-at="2021-11-28T05:43:09Z" name="test3" finished-at="2021-11-28T05:43:59Z" duration-ms="49681" status="PASS">
          <reporter-output>
          </reporter-output>
        </test-method> <!-- test3 -->
        <test-method signature="test1()[pri:0, instance:gridpack.GridDemo@31920ade]" started-at="2021-11-28T05:43:09Z" name="test1" finished-at="2021-11-28T05:43:58Z" duration-ms="49570" status="PASS">
          <reporter-output>
          </reporter-output>
        </test-method> <!-- test1 -->
        <test-method signature="test4()[pri:0, instance:gridpack.GridDemo@31920ade]" started-at="2021-11-28T05:43:54Z" name="test4" finished-at="2021-11-28T05:44:43Z" duration-ms="48886" status="PASS">
          <reporter-output>
          </reporter-output>
        </test-method> <!-- test4 -->
        <test-method signature="test5()[pri:0, instance:gridpack.GridDemo@31920ade]" started-at="2021-11-28T05:43:58Z" name="test5" finished-at="2021-11-28T05:44:45Z" duration-ms="46688" status="PASS">
          <reporter-output>
          </reporter-output>
        </test-method> <!-- test5 -->
        <test-method signature="test6()[pri:0, instance:gridpack.GridDemo@31920ade]" started-at="2021-11-28T05:43:59Z" name="test6" finished-at="2021-11-28T05:44:46Z" duration-ms="47119" status="PASS">
          <reporter-output>
          </reporter-output>
        </test-method> <!-- test6 -->
      </class> <!-- gridpack.GridDemo -->
    </test> <!-- Test -->
  </suite> <!-- Suite -->
</testng-results>
