<?xml version="1.0" encoding="UTF-8"?>
<!-- Generated by org.testng.reporters.JUnitXMLReporter -->
<testsuite ignored="0" hostname="DESKTOP-JCJ8HOK" failures="0" tests="4" name="AutomationTest" time="68.432" errors="0" timestamp="2021-10-16T09:47:27 IST">
  <testcase classname="com.project.TNG_003" name="f" time="10.408"/>
  <testcase classname="com.project.LinksTesting1" name="linktesting1" time="2.713"/>
  <testcase classname="com.project.RadioButton1" name="radioButtonTest" time="1.051"/>
  <testcase classname="com.project.CheckBox1" name="checkboxTest" time="1.064"/>
</testsuite> <!-- AutomationTest -->
