<!DOCTYPE html PUBLIC "-//W3C//DTD XHTML 1.1//EN" "http://www.w3.org/TR/xhtml11/DTD/xhtml11.dtd">
<html xmlns="http://www.w3.org/1999/xhtml">
<head>
<meta http-equiv="content-type" content="text/html; charset=UTF-8"/>
<title>TestNG Report</title>
<style type="text/css">table {margin-bottom:10px;border-collapse:collapse;empty-cells:show}th,td {border:1px solid #009;padding:.25em .5em}th {vertical-align:bottom}td {vertical-align:top}table a {font-weight:bold}.stripe td {background-color: #E6EBF9}.num {text-align:right}.passedodd td {background-color: #3F3}.passedeven td {background-color: #0A0}.skippedodd td {background-color: #DDD}.skippedeven td {background-color: #CCC}.failedodd td,.attn {background-color: #F33}.failedeven td,.stripe .attn {background-color: #D00}.stacktrace {white-space:pre;font-family:monospace}.totop {font-size:85%;text-align:center;border-bottom:2px solid #000}.invisible {display:none}</style>
</head>
<body>
<table>
<tr><th>Test</th><th># Passed</th><th># Skipped</th><th># Failed</th><th>Time (ms)</th><th>Included Groups</th><th>Excluded Groups</th></tr>
<tr><th colspan="7">PortfilioSuite</th></tr>
<tr><td><a href="#t0">Create Portfolio Test</a></td><td class="num">0</td><td class="num attn">1</td><td class="num attn">1</td><td class="num">14,054</td><td></td><td></td></tr>
</table>
<table id='summary'><thead><tr><th>Class</th><th>Method</th><th>Start</th><th>Time (ms)</th></tr></thead><tbody><tr><th colspan="4">PortfilioSuite</th></tr></tbody><tbody id="t0"><tr><th colspan="4">Create Portfolio Test &#8212; failed</th></tr><tr class="failedeven"><td rowspan="1">suites.Sessions</td><td><a href="#m0">login</a></td><td rowspan="1">1638937687050</td><td rowspan="1">10809</td></tr><tr><th colspan="4">Create Portfolio Test &#8212; skipped (configuration methods)</th></tr><tr class="skippedeven"><td rowspan="1">suites.PortfolioManagement</td><td><a href="#m1">startMethod</a></td><td rowspan="1">1638937697874</td><td rowspan="1">2</td></tr><tr><th colspan="4">Create Portfolio Test &#8212; skipped</th></tr><tr class="skippedeven"><td rowspan="1">suites.PortfolioManagement</td><td><a href="#m2">createPortfolio</a></td><td rowspan="1">1638937697884</td><td rowspan="1">0</td></tr></tbody>
</table>
<h2>Create Portfolio Test</h2><h3 id="m0">suites.Sessions#login</h3><table class="result"><tr><th>Exception</th></tr><tr><td><div class="stacktrace">java.lang.AssertionError: The following asserts failed:
	title not mached
	at keywords.GenericKeywords.assertAll(GenericKeywords.java:206)
	at suites.Sessions.login(Sessions.java:20)
... Removed 26 stack frames</div></td></tr></table><p class="totop"><a href="#summary">back to summary</a></p>
<h3 id="m1">suites.PortfolioManagement#startMethod</h3><table class="result"><tr class="param"><th>Parameter #1</th></tr><tr class="param stripe"><td>org.testng.TestRunner@4d41ba0f</td></tr><tr><th>Exception</th></tr><tr><td><div class="stacktrace">org.testng.SkipException: Critical Faliure in Privious Tests
	at suites.BaseTest.startMethod(BaseTest.java:53)
... Removed 28 stack frames</div></td></tr></table><p class="totop"><a href="#summary">back to summary</a></p>
<h3 id="m2">suites.PortfolioManagement#createPortfolio</h3><table class="result"><tr><th>Exception</th></tr><tr><td><div class="stacktrace">org.testng.SkipException: Critical Faliure in Privious Tests
	at suites.BaseTest.startMethod(BaseTest.java:53)
... Removed 28 stack frames</div></td></tr></table><p class="totop"><a href="#summary">back to summary</a></p>
</body>
</html>
