<?xml version="1.0" encoding="UTF-8"?>
<testng-results ignored="4" total="8" passed="4" failed="0" skipped="0">
  <reporter-output>
  </reporter-output>
  <suite started-at="2021-11-10T04:39:10Z" name="PortfilioSuite" finished-at="2021-11-10T04:39:10Z" duration-ms="454">
    <groups>
    </groups>
    <test started-at="2021-11-10T04:39:10Z" name="Create Portfolio Test" finished-at="2021-11-10T04:39:10Z" duration-ms="165">
      <class name="suites.Sessions">
        <test-method signature="login()[pri:0, instance:suites.Sessions@1649b0e6]" started-at="2021-11-10T04:39:10Z" name="login" finished-at="2021-11-10T04:39:10Z" duration-ms="26" status="PASS">
          <reporter-output>
          </reporter-output>
        </test-method> <!-- login -->
      </class> <!-- suites.Sessions -->
      <class name="suites.PortfolioManagement">
        <test-method signature="createPortfolio()[pri:0, instance:suites.PortfolioManagement@865dd6]" started-at="2021-11-10T04:39:10Z" name="createPortfolio" finished-at="2021-11-10T04:39:10Z" duration-ms="3" status="PASS">
          <reporter-output>
          </reporter-output>
        </test-method> <!-- createPortfolio -->
      </class> <!-- suites.PortfolioManagement -->
    </test> <!-- Create Portfolio Test -->
    <test started-at="2021-11-10T04:39:10Z" name="Delete Portfolio Test" finished-at="2021-11-10T04:39:10Z" duration-ms="31">
      <class name="suites.Sessions">
        <test-method signature="login()[pri:0, instance:suites.Sessions@2bfc268b]" started-at="2021-11-10T04:39:10Z" name="login" finished-at="2021-11-10T04:39:10Z" duration-ms="8" status="PASS">
          <reporter-output>
          </reporter-output>
        </test-method> <!-- login -->
      </class> <!-- suites.Sessions -->
      <class name="suites.PortfolioManagement">
        <test-method signature="deletePortfolio()[pri:0, instance:suites.PortfolioManagement@2f8dad04]" started-at="2021-11-10T04:39:10Z" name="deletePortfolio" finished-at="2021-11-10T04:39:10Z" duration-ms="4" status="PASS">
          <reporter-output>
          </reporter-output>
        </test-method> <!-- deletePortfolio -->
      </class> <!-- suites.PortfolioManagement -->
    </test> <!-- Delete Portfolio Test -->
  </suite> <!-- PortfilioSuite -->
</testng-results>
