<?xml version="1.0" encoding="UTF-8"?>
<testng-results ignored="3" total="24" passed="21" failed="0" skipped="0">
  <reporter-output>
  </reporter-output>
  <suite started-at="2021-10-19T10:21:02 IST" name="BookingSuite" finished-at="2021-10-19T10:21:02 IST" duration-ms="536">
    <groups>
    </groups>
    <test started-at="2021-10-19T10:21:02 IST" name="Create Booking Test - Apply Discount - Pay@Hotel" finished-at="2021-10-19T10:21:02 IST" duration-ms="172">
      <class name="testcases.PaymentManager">
        <test-method signature="applyDiscount()[pri:0, instance:testcases.PaymentManager@66498326]" started-at="2021-10-19T10:21:02 IST" name="applyDiscount" finished-at="2021-10-19T10:21:02 IST" duration-ms="4" status="PASS">
          <reporter-output>
          </reporter-output>
        </test-method> <!-- applyDiscount -->
        <test-method signature="makePayment(java.lang.String,org.testng.ITestContext)[pri:0, instance:testcases.PaymentManager@66498326]" started-at="2021-10-19T10:21:02 IST" name="makePayment" finished-at="2021-10-19T10:21:02 IST" duration-ms="2" status="PASS">
          <params>
            <param index="0">
              <value>
                <![CDATA[Pay@Hotel]]>
              </value>
            </param>
            <param index="1">
              <value>
                <![CDATA[org.testng.TestRunner@79e4c792]]>
              </value>
            </param>
          </params>
          <reporter-output>
          </reporter-output>
        </test-method> <!-- makePayment -->
      </class> <!-- testcases.PaymentManager -->
      <class name="testcases.BookingSearch">
        <test-method signature="searchHotel()[pri:0, instance:testcases.BookingSearch@3d1cfad4]" started-at="2021-10-19T10:21:02 IST" name="searchHotel" finished-at="2021-10-19T10:21:02 IST" duration-ms="20" status="PASS">
          <reporter-output>
          </reporter-output>
        </test-method> <!-- searchHotel -->
        <test-method signature="selectHotel()[pri:0, instance:testcases.BookingSearch@3d1cfad4]" started-at="2021-10-19T10:21:02 IST" name="selectHotel" finished-at="2021-10-19T10:21:02 IST" duration-ms="4" status="PASS">
          <reporter-output>
          </reporter-output>
        </test-method> <!-- selectHotel -->
        <test-method signature="enterGuestInformation()[pri:0, instance:testcases.BookingSearch@3d1cfad4]" started-at="2021-10-19T10:21:02 IST" name="enterGuestInformation" finished-at="2021-10-19T10:21:02 IST" duration-ms="5" status="PASS">
          <reporter-output>
          </reporter-output>
        </test-method> <!-- enterGuestInformation -->
      </class> <!-- testcases.BookingSearch -->
      <class name="testcases.CustomerCommunications">
        <test-method signature="checkEmailVerification(org.testng.ITestContext)[pri:0, instance:testcases.CustomerCommunications@2accdbb5]" started-at="2021-10-19T10:21:02 IST" name="checkEmailVerification" finished-at="2021-10-19T10:21:02 IST" duration-ms="1" status="PASS">
          <params>
            <param index="0">
              <value>
                <![CDATA[org.testng.TestRunner@79e4c792]]>
              </value>
            </param>
          </params>
          <reporter-output>
          </reporter-output>
        </test-method> <!-- checkEmailVerification -->
        <test-method signature="checkMobileVerification()[pri:0, instance:testcases.CustomerCommunications@2accdbb5]" started-at="2021-10-19T10:21:02 IST" name="checkMobileVerification" finished-at="2021-10-19T10:21:02 IST" duration-ms="3" status="PASS">
          <reporter-output>
          </reporter-output>
        </test-method> <!-- checkMobileVerification -->
      </class> <!-- testcases.CustomerCommunications -->
    </test> <!-- Create Booking Test - Apply Discount - Pay@Hotel -->
    <test started-at="2021-10-19T10:21:02 IST" name="Create Booking Test - Apply Discount -  Instant Payment" finished-at="2021-10-19T10:21:02 IST" duration-ms="61">
      <class name="testcases.PaymentManager">
        <test-method signature="applyDiscount()[pri:0, instance:testcases.PaymentManager@16610890]" started-at="2021-10-19T10:21:02 IST" name="applyDiscount" finished-at="2021-10-19T10:21:02 IST" duration-ms="3" status="PASS">
          <reporter-output>
          </reporter-output>
        </test-method> <!-- applyDiscount -->
        <test-method signature="makePayment(java.lang.String,org.testng.ITestContext)[pri:0, instance:testcases.PaymentManager@16610890]" started-at="2021-10-19T10:21:02 IST" name="makePayment" finished-at="2021-10-19T10:21:02 IST" duration-ms="6" status="PASS">
          <params>
            <param index="0">
              <value>
                <![CDATA[instantpay]]>
              </value>
            </param>
            <param index="1">
              <value>
                <![CDATA[org.testng.TestRunner@28dcca0c]]>
              </value>
            </param>
          </params>
          <reporter-output>
          </reporter-output>
        </test-method> <!-- makePayment -->
      </class> <!-- testcases.PaymentManager -->
      <class name="testcases.BookingSearch">
        <test-method signature="searchHotel()[pri:0, instance:testcases.BookingSearch@3bf9ce3e]" started-at="2021-10-19T10:21:02 IST" name="searchHotel" finished-at="2021-10-19T10:21:02 IST" duration-ms="3" status="PASS">
          <reporter-output>
          </reporter-output>
        </test-method> <!-- searchHotel -->
        <test-method signature="selectHotel()[pri:0, instance:testcases.BookingSearch@3bf9ce3e]" started-at="2021-10-19T10:21:02 IST" name="selectHotel" finished-at="2021-10-19T10:21:02 IST" duration-ms="2" status="PASS">
          <reporter-output>
          </reporter-output>
        </test-method> <!-- selectHotel -->
        <test-method signature="enterGuestInformation()[pri:0, instance:testcases.BookingSearch@3bf9ce3e]" started-at="2021-10-19T10:21:02 IST" name="enterGuestInformation" finished-at="2021-10-19T10:21:02 IST" duration-ms="2" status="PASS">
          <reporter-output>
          </reporter-output>
        </test-method> <!-- enterGuestInformation -->
      </class> <!-- testcases.BookingSearch -->
      <class name="testcases.CustomerCommunications">
        <test-method signature="checkEmailVerification(org.testng.ITestContext)[pri:0, instance:testcases.CustomerCommunications@71def8f8]" started-at="2021-10-19T10:21:02 IST" name="checkEmailVerification" finished-at="2021-10-19T10:21:02 IST" duration-ms="3" status="PASS">
          <params>
            <param index="0">
              <value>
                <![CDATA[org.testng.TestRunner@28dcca0c]]>
              </value>
            </param>
          </params>
          <reporter-output>
          </reporter-output>
        </test-method> <!-- checkEmailVerification -->
        <test-method signature="checkMobileVerification()[pri:0, instance:testcases.CustomerCommunications@71def8f8]" started-at="2021-10-19T10:21:02 IST" name="checkMobileVerification" finished-at="2021-10-19T10:21:02 IST" duration-ms="1" status="PASS">
          <reporter-output>
          </reporter-output>
        </test-method> <!-- checkMobileVerification -->
      </class> <!-- testcases.CustomerCommunications -->
    </test> <!-- Create Booking Test - Apply Discount -  Instant Payment -->
    <test started-at="2021-10-19T10:21:02 IST" name="Modify Booking Test - Apply Discount - Pay@Hotel" finished-at="2021-10-19T10:21:02 IST" duration-ms="86">
      <class name="testcases.PaymentManager">
        <test-method signature="applyDiscount()[pri:0, instance:testcases.PaymentManager@4d0f2471]" started-at="2021-10-19T10:21:02 IST" name="applyDiscount" finished-at="2021-10-19T10:21:02 IST" duration-ms="1" status="PASS">
          <reporter-output>
          </reporter-output>
        </test-method> <!-- applyDiscount -->
        <test-method signature="makePayment(java.lang.String,org.testng.ITestContext)[pri:0, instance:testcases.PaymentManager@4d0f2471]" started-at="2021-10-19T10:21:02 IST" name="makePayment" finished-at="2021-10-19T10:21:02 IST" duration-ms="4" status="PASS">
          <params>
            <param index="0">
              <value>
                <![CDATA[Pay@Hotel]]>
              </value>
            </param>
            <param index="1">
              <value>
                <![CDATA[org.testng.TestRunner@70cf32e3]]>
              </value>
            </param>
          </params>
          <reporter-output>
          </reporter-output>
        </test-method> <!-- makePayment -->
      </class> <!-- testcases.PaymentManager -->
      <class name="testcases.BookingSearch">
        <test-method signature="loadBooking()[pri:0, instance:testcases.BookingSearch@32ee6fee]" started-at="2021-10-19T10:21:02 IST" name="loadBooking" finished-at="2021-10-19T10:21:02 IST" duration-ms="2" status="PASS">
          <reporter-output>
          </reporter-output>
        </test-method> <!-- loadBooking -->
        <test-method signature="selectHotel()[pri:0, instance:testcases.BookingSearch@32ee6fee]" started-at="2021-10-19T10:21:02 IST" name="selectHotel" finished-at="2021-10-19T10:21:02 IST" duration-ms="8" status="PASS">
          <reporter-output>
          </reporter-output>
        </test-method> <!-- selectHotel -->
        <test-method signature="enterGuestInformation()[pri:0, instance:testcases.BookingSearch@32ee6fee]" started-at="2021-10-19T10:21:02 IST" name="enterGuestInformation" finished-at="2021-10-19T10:21:02 IST" duration-ms="2" status="PASS">
          <reporter-output>
          </reporter-output>
        </test-method> <!-- enterGuestInformation -->
      </class> <!-- testcases.BookingSearch -->
      <class name="testcases.CustomerCommunications">
        <test-method signature="checkEmailVerification(org.testng.ITestContext)[pri:0, instance:testcases.CustomerCommunications@7133da86]" started-at="2021-10-19T10:21:02 IST" name="checkEmailVerification" finished-at="2021-10-19T10:21:02 IST" duration-ms="2" status="PASS">
          <params>
            <param index="0">
              <value>
                <![CDATA[org.testng.TestRunner@70cf32e3]]>
              </value>
            </param>
          </params>
          <reporter-output>
          </reporter-output>
        </test-method> <!-- checkEmailVerification -->
        <test-method signature="checkMobileVerification()[pri:0, instance:testcases.CustomerCommunications@7133da86]" started-at="2021-10-19T10:21:02 IST" name="checkMobileVerification" finished-at="2021-10-19T10:21:02 IST" duration-ms="5" status="PASS">
          <reporter-output>
          </reporter-output>
        </test-method> <!-- checkMobileVerification -->
      </class> <!-- testcases.CustomerCommunications -->
    </test> <!-- Modify Booking Test - Apply Discount - Pay@Hotel -->
  </suite> <!-- BookingSuite -->
</testng-results>
