<?xml version="1.0" encoding="UTF-8"?>
<!-- Generated by org.testng.reporters.JUnitXMLReporter -->
<testsuite ignored="1" hostname="DESKTOP-JCJ8HOK" failures="0" tests="2" name="Default test" time="0.142" errors="0" timestamp="2021-10-13T10:05:04 IST">
  <testcase classname="com.project.TNG_002" name="f" time="0.024"/>
  <testcase classname="com.project.TNG_002" name="a" time="0.005"/>
  <testcase classname="com.project.TNG_002" name="z" time="0.0">
    <ignored/>
  </testcase> <!-- z -->
</testsuite> <!-- Default test -->
