<?xml version="1.0" encoding="UTF-8"?>
<!-- Generated by org.testng.reporters.JUnitXMLReporter -->
<testsuite ignored="5" hostname="DESKTOP-JCJ8HOK" failures="0" tests="2" name="Default test" time="27.908" errors="0" timestamp="08 Nov 2021 04:26:50 GMT">
  <testcase classname="actions.MouseOperations" name="slider" time="7.537"/>
  <testcase classname="actions.MouseOperations" name="autoSuggestion" time="10.342"/>
  <testcase classname="actions.MouseOperations" name="dragAnddrop" time="0.0">
    <ignored/>
  </testcase> <!-- dragAnddrop -->
  <testcase classname="actions.MouseOperations" name="MoveToelement" time="0.0">
    <ignored/>
  </testcase> <!-- MoveToelement -->
  <testcase classname="actions.MouseOperations" name="resizeMethod" time="0.0">
    <ignored/>
  </testcase> <!-- resizeMethod -->
  <testcase classname="actions.MouseOperations" name="Browserslider" time="0.0">
    <ignored/>
  </testcase> <!-- Browserslider -->
  <testcase classname="actions.MouseOperations" name="rightClickMethod" time="0.0">
    <ignored/>
  </testcase> <!-- rightClickMethod -->
</testsuite> <!-- Default test -->
